2025-07-03 21:11:00 | DEBUG | repo=course-sys-int-systems-exam | action=commit
2025-02-18 15:35:00 | INFO | repo=course-sys-int-systems-exam | action=test | passed=true
2025-01-09 20:13:00 | WARN | repo=course-sys-int-systems-exam | action=test | passed=true
2025-07-25 12:22:00 | INFO | repo=course-sys-int-systems-exam | action=test | passed=true
2025-03-02 10:21:00 | WARN | repo=course-sys-int-systems-exam | action=commit
2025-07-19 14:17:00 | INFO | repo=course-sys-int-systems-exam | action=edit | files=4
2025-07-14 08:07:00 | DEBUG | repo=course-sys-int-systems-exam | action=commit
2025-06-28 21:18:00 | WARN | repo=course-sys-int-systems-exam | action=commit
2025-11-08 16:24:00 | INFO | repo=course-sys-int-systems-exam | action=commit
2025-04-10 15:41:00 | INFO | repo=course-sys-int-systems-exam | action=commit
2025-03-01 19:44:00 | INFO | repo=course-sys-int-systems-exam | action=pull
2025-11-03 10:07:00 | INFO | repo=course-sys-int-systems-exam | action=commit
2025-09-19 20:30:00 | WARN | repo=course-sys-int-systems-exam | action=commit
2025-01-27 10:13:00 | DEBUG | repo=course-sys-int-systems-exam | action=pull
2025-06-26 15:57:00 | WARN | repo=course-sys-int-systems-exam | action=commit
2025-03-09 19:59:00 | WARN | repo=course-sys-int-systems-exam | action=commit
2025-05-18 11:41:00 | WARN | repo=course-sys-int-systems-exam | action=commit
2025-11-18 19:14:00 | DEBUG | repo=course-sys-int-systems-exam | action=commit
2025-11-24 07:33:00 | WARN | repo=course-sys-int-systems-exam | action=pull
2025-08-11 21:32:00 | DEBUG | repo=course-sys-int-systems-exam | action=commit
2025-08-06 19:01:00 | INFO | repo=course-sys-int-systems-exam | action=test | passed=true
2025-04-23 12:16:00 | WARN | repo=course-sys-int-systems-exam | action=commit
2025-07-23 10:55:00 | WARN | repo=course-sys-int-systems-exam | action=pull
2025-07-01 08:57:00 | INFO | repo=course-sys-int-systems-exam | action=commit
2025-08-04 17:38:00 | INFO | repo=course-sys-int-systems-exam | action=commit
2025-11-17 08:25:00 | INFO | repo=course-sys-int-systems-exam | action=commit
2025-02-11 18:48:00 | INFO | repo=course-sys-int-systems-exam | action=commit
2025-05-24 18:15:00 | DEBUG | repo=course-sys-int-systems-exam | action=commit
2025-01-12 09:37:00 | WARN | repo=course-sys-int-systems-exam | action=commit
2025-06-28 20:33:00 | DEBUG | repo=course-sys-int-systems-exam | action=edit | files=3
2025-05-27 17:54:00 | INFO | repo=course-sys-int-systems-exam | action=commit
2025-09-11 20:45:00 | INFO | repo=course-sys-int-systems-exam | action=commit
2025-05-01 18:32:00 | DEBUG | repo=course-sys-int-systems-exam | action=commit
2025-12-06 08:31:00 | INFO | repo=course-sys-int-systems-exam | action=commit
2025-06-24 19:59:00 | INFO | repo=course-sys-int-systems-exam | action=pull
2025-12-28 13:12:00 | DEBUG | repo=course-sys-int-systems-exam | action=edit | files=4
2025-03-19 15:50:00 | WARN | repo=course-sys-int-systems-exam | action=commit
2025-11-16 08:37:00 | WARN | repo=course-sys-int-systems-exam | action=commit
2025-09-13 18:22:00 | WARN | repo=course-sys-int-systems-exam | action=commit
2025-10-17 08:30:00 | INFO | repo=course-sys-int-systems-exam | action=edit | files=1
2025-03-28 08:38:00 | INFO | repo=course-sys-int-systems-exam | action=test | passed=true
2025-06-03 14:08:00 | INFO | repo=course-sys-int-systems-exam | action=commit
2025-11-13 16:34:00 | WARN | repo=course-sys-int-systems-exam | action=test | passed=true
2025-03-03 14:45:00 | WARN | repo=course-sys-int-systems-exam | action=commit
2025-12-22 21:14:00 | INFO | repo=course-sys-int-systems-exam | action=commit
2025-04-28 20:35:00 | DEBUG | repo=course-sys-int-systems-exam | action=edit | files=3
2025-09-14 09:29:00 | INFO | repo=course-sys-int-systems-exam | action=test | passed=true
2025-10-08 15:32:00 | DEBUG | repo=course-sys-int-systems-exam | action=commit
2025-06-19 08:53:00 | DEBUG | repo=course-sys-int-systems-exam | action=commit
2025-07-09 21:56:00 | DEBUG | repo=course-sys-int-systems-exam | action=pull
2025-10-12 21:24:00 | DEBUG | repo=course-sys-int-systems-exam | action=commit
2025-01-23 21:36:00 | INFO | repo=course-sys-int-systems-exam | action=commit
2025-01-12 17:35:00 | INFO | repo=course-sys-int-systems-exam | action=commit
2025-10-21 09:36:00 | DEBUG | repo=course-sys-int-systems-exam | action=pull
2025-02-05 15:37:00 | INFO | repo=course-sys-int-systems-exam | action=commit
2025-12-18 12:57:00 | DEBUG | repo=course-sys-int-systems-exam | action=edit | files=5
2025-08-10 07:51:00 | INFO | repo=course-sys-int-systems-exam | action=test | passed=true
2025-04-08 14:25:00 | DEBUG | repo=course-sys-int-systems-exam | action=commit
2025-01-22 19:29:00 | INFO | repo=course-sys-int-systems-exam | action=commit
2025-08-07 19:56:00 | WARN | repo=course-sys-int-systems-exam | action=commit
2025-11-19 13:43:00 | DEBUG | repo=course-sys-int-systems-exam | action=pull
2025-11-26 07:14:00 | WARN | repo=course-sys-int-systems-exam | action=commit
2025-06-06 08:20:00 | WARN | repo=course-sys-int-systems-exam | action=pull
2025-12-10 13:43:00 | INFO | repo=course-sys-int-systems-exam | action=commit
2025-11-01 20:02:00 | WARN | repo=course-sys-int-systems-exam | action=edit | files=2
2025-04-14 13:44:00 | INFO | repo=course-sys-int-systems-exam | action=commit
